Loading net-file from '002/../COL.net.xml' ... done (425ms).
Warning: At actuated tlLogic 'cluster_1014803736_27459165_2935392676_3073173585_3528738438', actuated phase 2 has no controlling detector.
Warning: At actuated tlLogic 'cluster_1014803736_27459165_2935392676_3073173585_3528738438', linkIndex 5 has no controlling detector.
Warning: At actuated tlLogic 'cluster_1014803736_27459165_2935392676_3073173585_3528738438', linkIndex 6 has no controlling detector.
Warning: At actuated tlLogic 'cluster_110238_1787108647_1787108648_1787108649_1787108650', actuated phase 2 has no controlling detector.
Warning: At actuated tlLogic 'cluster_110238_1787108647_1787108648_1787108649_1787108650', linkIndex 3 has no controlling detector.
Warning: At actuated tlLogic 'cluster_110238_1787108647_1787108648_1787108649_1787108650', linkIndex 4 has no controlling detector.
Warning: At actuated tlLogic 'cluster_1707790067_1955520890_3972566715_4650375504_4658088539_6327615075', actuated phase 2 has no controlling detector.
Warning: At actuated tlLogic 'cluster_1707790067_1955520890_3972566715_4650375504_4658088539_6327615075', linkIndex 4 has no controlling detector.
Warning: At actuated tlLogic 'cluster_1707790067_1955520890_3972566715_4650375504_4658088539_6327615075', linkIndex 5 has no controlling detector.
Warning: At actuated tlLogic 'cluster_1707790067_1955520890_3972566715_4650375504_4658088539_6327615075', linkIndex 6 has no controlling detector.
Warning: At actuated tlLogic 'cluster_1707790067_1955520890_3972566715_4650375504_4658088539_6327615075', linkIndex 7 has no controlling detector.
Warning: At actuated tlLogic 'cluster_1707790067_1955520890_3972566715_4650375504_4658088539_6327615075', linkIndex 8 has no controlling detector.
Warning: At actuated tlLogic 'cluster_1707790067_1955520890_3972566715_4650375504_4658088539_6327615075', linkIndex 27 has no controlling detector.
Warning: At actuated tlLogic 'cluster_1707790067_1955520890_3972566715_4650375504_4658088539_6327615075', linkIndex 28 has no controlling detector.
Warning: At actuated tlLogic 'cluster_1707790067_1955520890_3972566715_4650375504_4658088539_6327615075', linkIndex 29 has no controlling detector.
Warning: At actuated tlLogic 'cluster_1707790067_1955520890_3972566715_4650375504_4658088539_6327615075', linkIndex 30 has no controlling detector.
Warning: At actuated tlLogic 'cluster_1707790067_1955520890_3972566715_4650375504_4658088539_6327615075', linkIndex 31 has no controlling detector.
Warning: At actuated tlLogic 'cluster_1723388979_2135411294_2135411296_2135411297_2331184930_2331184932_2331184935_25632774_3076574323_446765895_6525670236_6525670237_6525670242', actuated phase 2 has no controlling detector.
Warning: At actuated tlLogic 'cluster_1723388979_2135411294_2135411296_2135411297_2331184930_2331184932_2331184935_25632774_3076574323_446765895_6525670236_6525670237_6525670242', linkIndex 11 has no controlling detector.
Warning: At actuated tlLogic 'cluster_1723388979_2135411294_2135411296_2135411297_2331184930_2331184932_2331184935_25632774_3076574323_446765895_6525670236_6525670237_6525670242', linkIndex 12 has no controlling detector.
Warning: At actuated tlLogic 'cluster_1723388979_2135411294_2135411296_2135411297_2331184930_2331184932_2331184935_25632774_3076574323_446765895_6525670236_6525670237_6525670242', linkIndex 20 has no controlling detector.
Warning: At actuated tlLogic 'cluster_1723388979_2135411294_2135411296_2135411297_2331184930_2331184932_2331184935_25632774_3076574323_446765895_6525670236_6525670237_6525670242', linkIndex 21 has no controlling detector.
Warning: At actuated tlLogic 'cluster_1723388979_2135411294_2135411296_2135411297_2331184930_2331184932_2331184935_25632774_3076574323_446765895_6525670236_6525670237_6525670242', linkIndex 22 has no controlling detector.
Warning: At actuated tlLogic 'cluster_1723388979_2135411294_2135411296_2135411297_2331184930_2331184932_2331184935_25632774_3076574323_446765895_6525670236_6525670237_6525670242', linkIndex 23 has no controlling detector.
Warning: At actuated tlLogic 'cluster_1723388979_2135411294_2135411296_2135411297_2331184930_2331184932_2331184935_25632774_3076574323_446765895_6525670236_6525670237_6525670242', linkIndex 24 has no controlling detector.
Warning: At actuated tlLogic 'cluster_2293833763_237908_5880186827', linkIndex 14 has no controlling detector.
Warning: At actuated tlLogic 'cluster_2293833763_237908_5880186827', linkIndex 15 has no controlling detector.
Warning: At actuated tlLogic 'cluster_2293833763_237908_5880186827', linkIndex 16 has no controlling detector.
Warning: At actuated tlLogic 'joinedS_9', actuated phase 0 has no controlling detector.
Warning: At actuated tlLogic 'joinedS_9', linkIndex 4 has no controlling detector.
Warning: At actuated tlLogic 'joinedS_9', linkIndex 5 has no controlling detector.
Warning: At actuated tlLogic 'joinedS_9', linkIndex 6 has no controlling detector.
Warning: At actuated tlLogic 'joinedS_9', linkIndex 7 has no controlling detector.
Warning: At actuated tlLogic 'joinedS_9', linkIndex 11 has no controlling detector.
Warning: At actuated tlLogic 'joinedS_9', linkIndex 12 has no controlling detector.
Warning: At actuated tlLogic 'joinedS_9', linkIndex 13 has no controlling detector.
Warning: At actuated tlLogic 'joinedS_9', linkIndex 14 has no controlling detector.
Loading additional-files from '002/../edgedata.add.xml' ... done (5ms).
Loading done.
Simulation version 1.14.1 started with time: 0.00
Warning: Teleporting vehicle '568'; waited too long (yield), lane='849359570#2_0', time=1167.00.
Warning: Teleporting vehicle '1320'; waited too long (yield), lane=':cluster_18393873_21307200_11_0', time=1167.00.
Warning: Vehicle '568' ends teleporting on edge '975850167', time=1167.00.
Warning: Vehicle '1320' teleports beyond arrival edge '-849359570#2', time=1192.00.
Warning: Teleporting vehicle '1136'; waited too long (jam), lane='-849359568_0', time=1195.00.
Warning: Vehicle '1136' ends teleporting on edge '4223937#0', time=1221.00.
Warning: Teleporting vehicle '373'; waited too long (jam), lane='-975850168#0_0', time=1239.00.
Warning: Vehicle '373' ends teleporting on edge '-849359570#2', time=1275.00.
Warning: Teleporting vehicle '1044'; waited too long (jam), lane='3712715#1_0', time=1648.00.
Warning: Teleporting vehicle '801'; waited too long (yield), lane=':cluster_18393873_21307200_11_0', time=1656.00.
Warning: Vehicle '1044' ends teleporting on edge '849359570#2', time=1662.00.
Warning: Vehicle '801' ends teleporting on edge '-849359570#2', time=1676.00.
Warning: Teleporting vehicle '861'; waited too long (yield), lane=':cluster_110142_25472855_7_0', time=1796.00.
Warning: Vehicle '861' ends teleporting on edge '-732154817#3', time=1827.00.
Warning: Teleporting vehicle '1551'; waited too long (yield), lane='733010998_0', time=1832.00.
Warning: Vehicle '1551' ends teleporting on edge '-732154817#4', time=1838.00.
Warning: Teleporting vehicle '2065'; waited too long (yield), lane='-958716471#0_0', time=1908.00.
Warning: Teleporting vehicle '747'; waited too long (yield), lane='977105112#1_0', time=1959.00.
Warning: Teleporting vehicle '187'; waited too long (yield), lane=':cluster_18393873_21307200_11_0', time=1980.00.
Warning: Teleporting vehicle '205'; waited too long (jam), lane='3712715#1_0', time=1988.00.
Warning: Vehicle '747' ends teleporting on edge '3712715#1', time=1988.00.
Warning: Teleporting vehicle '1267'; waited too long (yield), lane='-977104959#0_0', time=1992.00.
Warning: Teleporting vehicle '909'; waited too long (jam), lane='-849359568_0', time=1995.00.
Warning: Vehicle '187' teleports beyond arrival edge '-849359570#2', time=2005.00.
Warning: Teleporting vehicle '343'; waited too long (jam), lane='230188926#1_0', time=2007.00.
Warning: Teleporting vehicle '706'; waited too long (yield), lane='23162162#1_0', time=2012.00.
Warning: Vehicle '2065' ends teleporting on edge '977104959#0', time=2018.00.
Warning: Vehicle '909' ends teleporting on edge '-849359570#0', time=2021.00.
Warning: Vehicle '205' teleports beyond arrival edge '-849359570#2', time=2038.00.
Warning: Vehicle '1267' ends teleporting on edge '3713823#1', time=2061.00.
Warning: Vehicle '343' ends teleporting on edge '977104959#0', time=2117.00.
Warning: Vehicle '706' teleports beyond arrival edge '-849359570#2', time=2235.00.
Warning: Teleporting vehicle '803'; waited too long (yield), lane='977105112#1_0', time=2263.00.
Warning: Teleporting vehicle '2037'; waited too long (yield), lane='-958716471#0_0', time=2276.00.
Warning: Teleporting vehicle '2085'; waited too long (yield), lane=':cluster_25161371_28800667_5_0', time=2286.00.
Warning: Teleporting vehicle '218'; waited too long (yield), lane='849359570#2_0', time=2289.00.
Warning: Teleporting vehicle '747'; waited too long (jam), lane='3712715#1_0', time=2289.00.
Warning: Vehicle '2085' ends teleporting on edge '849359570#2', time=2289.00.
Warning: Vehicle '803' ends teleporting on edge '3712715#1', time=2289.00.
Warning: Teleporting vehicle '1326'; waited too long (yield), lane='896810424_0', time=2292.00.
Warning: Teleporting vehicle '1285'; waited too long (jam), lane='3712715#1_0', time=2294.00.
Warning: Vehicle '218' teleports beyond arrival edge '-849359570#2', time=2305.00.
Warning: Vehicle '1285' ends teleporting on edge '3713823#1', time=2306.00.
Warning: Vehicle '2037' teleports beyond arrival edge '977104959#1', time=2319.00.
Warning: Teleporting vehicle '1360'; waited too long (jam), lane='-977104959#0_0', time=2337.00.
Warning: Vehicle '1326' teleports beyond arrival edge '-849359570#2', time=2337.00.
Warning: Vehicle '747' teleports beyond arrival edge '-849359570#2', time=2339.00.
Warning: Teleporting vehicle '1996'; waited too long (yield), lane='232287546#0_0', time=2356.00.
Warning: Vehicle '1996' ends teleporting on edge '-849359570#0', time=2425.00.
Warning: Vehicle '1360' teleports beyond arrival edge '-849359570#2', time=2430.00.
Warning: Teleporting vehicle '229'; waited too long (yield), lane='896810424_0', time=2596.00.
Warning: Teleporting vehicle '1276'; waited too long (jam), lane='3712715#1_0', time=2615.00.
Warning: Teleporting vehicle '831'; waited too long (yield), lane=':cluster_18393873_21307200_11_0', time=2635.00.
Warning: Teleporting vehicle '1592'; waited too long (jam), lane='-3712716#1_0', time=2639.00.
Warning: Teleporting vehicle '794'; waited too long (yield), lane='23162162#1_0', time=2640.00.
Warning: Teleporting vehicle '2025'; waited too long (yield), lane='-849359570#2_0', time=2640.00.
Warning: Vehicle '831' ends teleporting on edge '-849359570#2', time=2640.00.
Warning: Vehicle '1276' ends teleporting on edge '3713823#1', time=2641.00.
Warning: Teleporting vehicle '2080'; waited too long (jam), lane='-773853950_0', time=2642.00.
Warning: Vehicle '2080' ends teleporting on edge '-3712716#1', time=2644.00.
Warning: Vehicle '229' teleports beyond arrival edge '-849359570#2', time=2646.00.
Warning: Teleporting vehicle '1218'; waited too long (yield), lane='232287546#0_0', time=2661.00.
Warning: Vehicle '2025' ends teleporting on edge '975850167', time=2664.00.
Warning: Vehicle '1592' ends teleporting on edge '581729092#1', time=2664.00.
Warning: Vehicle '1218' teleports beyond arrival edge '-849359570#2', time=2702.00.
Warning: Teleporting vehicle '319'; waited too long (yield), lane='596370460#2_1', time=2759.00.
Warning: Vehicle '794' ends teleporting on edge '1065083430#0', time=2787.00.
Warning: Teleporting vehicle '196'; waited too long (yield), lane='896810424_0', time=2904.00.
Warning: Teleporting vehicle '1344'; waited too long (jam), lane='-977104959#0_0', time=2925.00.
Warning: Teleporting vehicle '1243'; waited too long (jam), lane='-22751855#0_0', time=2937.00.
Warning: Teleporting vehicle '814'; waited too long (yield), lane='23162162#1_0', time=2946.00.
Warning: Teleporting vehicle '836'; waited too long (yield), lane=':cluster_18393873_21307200_11_0', time=2947.00.
Warning: Teleporting vehicle '816'; waited too long (jam), lane='3712715#1_0', time=2952.00.
Warning: Vehicle '1344' ends teleporting on edge '3712715#1', time=2952.00.
Warning: Vehicle '196' teleports beyond arrival edge '-849359570#2', time=2954.00.
Warning: Vehicle '836' ends teleporting on edge '-849359570#2', time=2961.00.
Warning: Teleporting vehicle '1173'; waited too long (yield), lane='232287546#0_0', time=2985.00.
Warning: Vehicle '816' teleports beyond arrival edge '-849359570#2', time=3002.00.
Warning: Vehicle '1173' ends teleporting on edge '-849359570#0', time=3054.00.
Warning: Vehicle '814' ends teleporting on edge '1065083430#0', time=3093.00.
Warning: Vehicle '319' ends teleporting on edge '-849359570#0', time=3097.00.
Warning: Vehicle '1243' teleports beyond arrival edge '-849359570#2', time=3135.00.
Warning: Teleporting vehicle '817'; waited too long (yield), lane='896810424_0', time=3212.00.
Warning: Teleporting vehicle '1112'; waited too long (jam), lane='-977104959#0_0', time=3229.00.
Warning: Teleporting vehicle '221'; waited too long (jam), lane='-22751855#0_0', time=3248.00.
Warning: Teleporting vehicle '1344'; waited too long (jam), lane='3712715#1_0', time=3253.00.
Warning: Vehicle '1112' ends teleporting on edge '3712715#1', time=3253.00.
Warning: Teleporting vehicle '717'; waited too long (yield), lane='596370460#2_1', time=3255.00.
Warning: Teleporting vehicle '803'; waited too long (yield), lane=':cluster_18393873_21307200_11_0', time=3258.00.
Warning: Teleporting vehicle '751'; waited too long (jam), lane='3712715#1_0', time=3262.00.
Warning: Vehicle '817' teleports beyond arrival edge '-849359570#2', time=3262.00.
Warning: Vehicle '751' ends teleporting on edge '849359570#2', time=3264.00.
Warning: Teleporting vehicle '1150'; waited too long (jam), lane='-849359568_0', time=3269.00.
Warning: Teleporting vehicle '991'; waited too long (yield), lane='-849359570#0_0', time=3273.00.
Warning: Teleporting vehicle '122'; waited too long (yield), lane='-975850168#0_0', time=3275.00.
Warning: Vehicle '991' teleports beyond arrival edge '977104959#1', time=3279.00.
Warning: Vehicle '1344' ends teleporting on edge '3713823#1', time=3279.00.
Warning: Vehicle '803' teleports beyond arrival edge '-849359570#2', time=3283.00.
Warning: Teleporting vehicle '1629'; waited too long (yield), lane='-3712716#0_0', time=3285.00.
Warning: Teleporting vehicle '713'; waited too long (yield), lane='23162162#1_0', time=3299.00.
Warning: Teleporting vehicle '1407'; waited too long (yield), lane='-975850173_0', time=3315.00.
Warning: Teleporting vehicle '690'; waited too long (yield), lane='-773853954_0', time=3317.00.
Warning: Vehicle '1150' ends teleporting on edge '18131108#2', time=3370.00.
Warning: Vehicle '122' teleports beyond arrival edge '977104959#1', time=3418.00.
Warning: Vehicle '1629' teleports beyond arrival edge '977104959#1', time=3428.00.
Warning: Vehicle '713' ends teleporting on edge '1065083430#0', time=3446.00.
Warning: Vehicle '221' teleports beyond arrival edge '-849359570#2', time=3451.00.
Warning: Vehicle '717' ends teleporting on edge '1065083430#0', time=3516.00.
Warning: Teleporting vehicle '13'; waited too long (jam), lane='-977104959#0_0', time=3535.00.
Warning: Vehicle '690' teleports beyond arrival edge '-849359570#2', time=3535.00.
Warning: Teleporting vehicle '264'; waited too long (jam), lane='-18131108#2_0', time=3545.00.
Warning: Teleporting vehicle '2040'; waited too long (yield), lane=':cluster_25161371_28800667_5_0', time=3564.00.
Warning: Teleporting vehicle '722'; waited too long (jam), lane='1054937079_1', time=3565.00.
Warning: Teleporting vehicle '848'; waited too long (yield), lane='849359570#2_0', time=3565.00.
Warning: Vehicle '2040' ends teleporting on edge '849359570#2', time=3565.00.
Warning: Teleporting vehicle '697'; waited too long (jam), lane='3712715#1_0', time=3568.00.
Warning: Vehicle '13' ends teleporting on edge '3712715#1', time=3568.00.
Warning: Vehicle '1407' ends teleporting on edge '1065083430#0', time=3576.00.
Warning: Teleporting vehicle '854'; waited too long (yield), lane='232287546#0_0', time=3579.00.
Warning: Teleporting vehicle '962'; waited too long (yield), lane='-849359570#0_0', time=3579.00.
Warning: Teleporting vehicle '235'; waited too long (yield), lane='896810424_0', time=3583.00.
Warning: Vehicle '848' teleports beyond arrival edge '-849359570#2', time=3590.00.
Warning: Teleporting vehicle '888'; waited too long (jam), lane='3959463_0', time=3591.00.
Warning: Vehicle '888' ends teleporting on edge '232287545#0', time=3592.00.
Warning: Vehicle '962' teleports beyond arrival edge '977104959#1', time=3609.00.
Warning: Vehicle '697' teleports beyond arrival edge '-849359570#2', time=3611.00.
Warning: Teleporting vehicle '767'; waited too long (yield), lane='596370460#2_1', time=3612.00.
Warning: Vehicle '767' ends teleporting on edge '-73823310', time=3612.00.
Warning: Teleporting vehicle '957'; waited too long (yield), lane='1054937076_0', time=3613.00.
Warning: Vehicle '854' ends teleporting on edge '-849359568', time=3613.00.
Warning: Teleporting vehicle '670'; waited too long (jam), lane='-22751855#0_0', time=3616.00.
Warning: Vehicle '957' ends teleporting on edge '23162162#1', time=3617.00.
Warning: Vehicle '235' teleports beyond arrival edge '-849359570#2', time=3633.00.
Warning: Teleporting vehicle '1596'; waited too long (jam), lane='80502796_0', time=3639.00.
Warning: Vehicle '264' teleports beyond arrival edge '-849359570#2', time=3732.00.
Warning: Vehicle '1596' ends teleporting on edge '-22751855#1', time=3787.00.
Warning: Teleporting vehicle '330'; waited too long (yield), lane='977105112#1_0', time=3799.00.
Warning: Vehicle '670' teleports beyond arrival edge '-849359570#2', time=3819.00.
Warning: Vehicle '330' teleports beyond arrival edge '977104959#1', time=3829.00.
Warning: Vehicle '722' teleports beyond arrival edge '-849359570#2', time=3848.00.
Warning: Teleporting vehicle '665'; waited too long (jam), lane='3712715#1_0', time=3875.00.
Warning: Teleporting vehicle '2028'; waited too long (jam), lane='-3712716#1_0', time=3882.00.
Warning: Teleporting vehicle '1286'; waited too long (jam), lane='-975850168#0_0', time=3883.00.
Warning: Teleporting vehicle '1450'; waited too long (jam), lane='-773853950_0', time=3886.00.
Warning: Teleporting vehicle '1306'; waited too long (yield), lane='896810424_0', time=3888.00.
Warning: Vehicle '1450' ends teleporting on edge '-3712716#1', time=3888.00.
Warning: Teleporting vehicle '751'; waited too long (yield), lane=':cluster_18393873_21307200_11_0', time=3889.00.
Warning: Vehicle '1306' ends teleporting on edge '849359570#2', time=3894.00.
Warning: Teleporting vehicle '2039'; waited too long (yield), lane='3959461#4_0', time=3904.00.
Warning: Vehicle '2028' ends teleporting on edge '581729092#1', time=3907.00.
Warning: Teleporting vehicle '1583'; waited too long (yield), lane='-849359570#0_0', time=3908.00.
Warning: Vehicle '665' teleports beyond arrival edge '-849359570#2', time=3909.00.
Warning: Vehicle '751' teleports beyond arrival edge '-849359570#2', time=3914.00.
Warning: Teleporting vehicle '644'; waited too long (jam), lane='1054937079_1', time=3920.00.
Warning: Vehicle '1583' ends teleporting on edge '977104959#0', time=3920.00.
Warning: Teleporting vehicle '1239'; waited too long (yield), lane='232287546#0_0', time=3924.00.
Warning: Teleporting vehicle '983'; waited too long (yield), lane='817658358#0_0', time=3927.00.
Warning: Vehicle '983' ends teleporting on edge '442428178#2', time=3927.00.
Warning: Teleporting vehicle '933'; waited too long (jam), lane='3959463_0', time=3936.00.
Warning: Teleporting vehicle '541'; waited too long (yield), lane='8431660#1_0', time=3937.00.
Warning: Vehicle '933' ends teleporting on edge '232287545#0', time=3938.00.
Warning: Vehicle '2039' ends teleporting on edge '20205232#0', time=3939.00.
Warning: Teleporting vehicle '395'; waited too long (yield), lane='596370460#2_1', time=3940.00.
Warning: Teleporting vehicle '719'; waited too long (yield), lane='4211265#4_0', time=3942.00.
Warning: Vehicle '1286' ends teleporting on edge '-849359570#2', time=3944.00.
Warning: Teleporting vehicle '1539'; waited too long (yield), lane='1054937076_0', time=3948.00.
Warning: Vehicle '1239' ends teleporting on edge '-849359568', time=3953.00.
Warning: Teleporting vehicle '543'; waited too long (yield), lane='98345455_0', time=3956.00.
Warning: Vehicle '543' ends teleporting on edge '80502796', time=3956.00.
Warning: Vehicle '1539' ends teleporting on edge '1068540404#1', time=3970.00.
Warning: Vehicle '719' ends teleporting on edge '-554369#2', time=3974.00.
Warning: Vehicle '541' ends teleporting on edge '-22751855#1', time=3996.00.
Warning: Vehicle '644' ends teleporting on edge '-849359570#0', time=4186.00.
Warning: Teleporting vehicle '1306'; waited too long (yield), lane=':cluster_18393873_21307200_11_0', time=4219.00.
Warning: Teleporting vehicle '997'; waited too long (jam), lane='581735921#1_0', time=4235.00.
Warning: Vehicle '997' ends teleporting on edge '442428178#2', time=4235.00.
Warning: Teleporting vehicle '927'; waited too long (yield), lane='817658358#0_0', time=4237.00.
Warning: Vehicle '927' ends teleporting on edge '442428178#2', time=4237.00.
Warning: Vehicle '1306' teleports beyond arrival edge '-849359570#2', time=4244.00.
Warning: Teleporting vehicle '789'; waited too long (yield), lane='23162162#1_0', time=4248.00.
Warning: Teleporting vehicle '1949'; waited too long (jam), lane='-554369#3_0', time=4255.00.
Warning: Vehicle '1949' ends teleporting on edge '-554369#2', time=4255.00.
Warning: Teleporting vehicle '1155'; waited too long (jam), lane='-849359568_0', time=4259.00.
Warning: Teleporting vehicle '868'; waited too long (jam), lane='232287546#0_0', time=4259.00.
Warning: Vehicle '868' ends teleporting on edge '-849359568', time=4259.00.
Warning: Teleporting vehicle '1236'; waited too long (yield), lane='896810424_0', time=4260.00.
Warning: Vehicle '395' ends teleporting on edge '-849359570#0', time=4278.00.
Warning: Teleporting vehicle '1610'; waited too long (jam), lane='-22751855#0_0', time=4283.00.
Warning: Vehicle '1155' ends teleporting on edge '-849359570#0', time=4285.00.
Warning: Teleporting vehicle '1259'; waited too long (jam), lane='83564497#3_0', time=4288.00.
Warning: Vehicle '1259' ends teleporting on edge '-22751855#1', time=4288.00.
Warning: Teleporting vehicle '1632'; waited too long (jam), lane=':cluster_10677374_1721713699_2406484455_5_0', time=4297.00.
Warning: Vehicle '1632' ends teleporting on edge '581729092#1', time=4297.00.
Warning: Teleporting vehicle '571'; waited too long (jam), lane='-3712716#1_0', time=4301.00.
Warning: Teleporting vehicle '894'; waited too long (jam), lane='-964732131#0_0', time=4306.00.
Warning: Vehicle '1236' teleports beyond arrival edge '-849359570#2', time=4310.00.
Warning: Teleporting vehicle '653'; waited too long (yield), lane='98345455_0', time=4317.00.
Warning: Vehicle '653' ends teleporting on edge '80502796', time=4320.00.
Warning: Teleporting vehicle '1554'; waited too long (jam), lane='-554369#1_0', time=4322.00.
Warning: Teleporting vehicle '1084'; waited too long (yield), lane='-975850173_0', time=4331.00.
Warning: Teleporting vehicle '983'; waited too long (wrong lane), lane='-975850173_1', time=4332.00.
Warning: Vehicle '983' ends teleporting on edge '230193109', time=4332.00.
Warning: Vehicle '1084' ends teleporting on edge '-73823310', time=4337.00.
Warning: Vehicle '571' ends teleporting on edge '-849359570#0', time=4384.00.
Warning: Vehicle '894' ends teleporting on edge '-849359570#0', time=4427.00.
Warning: Vehicle '789' teleports beyond arrival edge '-849359570#2', time=4471.00.
Warning: Vehicle '1610' teleports beyond arrival edge '977104959#1', time=4511.00.
Warning: Teleporting vehicle '701'; waited too long (yield), lane='849359570#2_0', time=4525.00.
Warning: Teleporting vehicle '1932'; waited too long (yield), lane=':cluster_25161371_28800667_5_0', time=4526.00.
Warning: Teleporting vehicle '973'; waited too long (jam), lane='581735921#1_0', time=4540.00.
Warning: Vehicle '973' ends teleporting on edge '442428178#2', time=4540.00.
Warning: Teleporting vehicle '875'; waited too long (yield), lane='817658358#0_0', time=4542.00.
Warning: Vehicle '875' ends teleporting on edge '442428178#2', time=4542.00.
Warning: Vehicle '701' teleports beyond arrival edge '-849359570#2', time=4550.00.
Warning: Vehicle '1554' ends teleporting on edge '-849359570#2', time=4567.00.
Warning: Teleporting vehicle '932'; waited too long (yield), lane='232287546#0_0', time=4570.00.
Warning: Teleporting vehicle '1284'; waited too long (jam), lane=':cluster_10677374_1721713699_2406484455_13_0', time=4570.00.
Warning: Vehicle '1284' ends teleporting on edge '1065083430#0', time=4570.00.
Warning: Teleporting vehicle '1412'; waited too long (yield), lane='896810424_0', time=4573.00.
Warning: Vehicle '1932' ends teleporting on edge '581729092#1', time=4577.00.
Warning: Vehicle '932' ends teleporting on edge '-849359568', time=4580.00.
Warning: Teleporting vehicle '1259'; waited too long (jam), lane='-22751855#0_0', time=4608.00.
Warning: Teleporting vehicle '1223'; waited too long (jam), lane='-22751855#1_0', time=4609.00.
Warning: Teleporting vehicle '1309'; waited too long (jam), lane='83564497#3_0', time=4611.00.
Warning: Vehicle '1412' teleports beyond arrival edge '-849359570#2', time=4616.00.
Warning: Teleporting vehicle '696'; waited too long (yield), lane='8431660#1_0', time=4621.00.
Warning: Vehicle '696' ends teleporting on edge '83564497#0', time=4623.00.
Warning: Vehicle '1259' teleports beyond arrival edge '-849359570#2', time=4811.00.
Warning: Vehicle '1309' teleports beyond arrival edge '-849359570#2', time=4827.00.
Warning: Vehicle '1223' teleports beyond arrival edge '-849359570#2', time=4864.00.
Warning: Teleporting vehicle '2062'; waited too long (jam), lane='-3712716#1_0', time=4884.00.
Warning: Teleporting vehicle '309'; waited too long (jam), lane='-773853950_0', time=4888.00.
Warning: Vehicle '309' ends teleporting on edge '-3712716#1', time=4890.00.
Warning: Teleporting vehicle '1424'; waited too long (yield), lane=':cluster_25161371_28800667_5_0', time=4904.00.
Warning: Vehicle '2062' ends teleporting on edge '581729092#1', time=4909.00.
Warning: Teleporting vehicle '1211'; waited too long (yield), lane='232287546#0_0', time=4915.00.
Warning: Teleporting vehicle '439'; waited too long (jam), lane='83564497#3_0', time=4918.00.
Warning: Vehicle '439' ends teleporting on edge '-22751855#1', time=4918.00.
Warning: Vehicle '1211' ends teleporting on edge '-849359568', time=4922.00.
Warning: Teleporting vehicle '1343'; waited too long (jam), lane=':cluster_4401149234_7636278191_7636278201_0_0', time=4924.00.
Warning: Teleporting vehicle '1171'; waited too long (jam), lane='581735921#1_0', time=4924.00.
Warning: Teleporting vehicle '802'; waited too long (yield), lane='896810424_0', time=4924.00.
Warning: Vehicle '1171' ends teleporting on edge '442428178#2', time=4924.00.
Warning: Vehicle '1424' ends teleporting on edge '3713823#1', time=4930.00.
Warning: Teleporting vehicle '2086'; waited too long (jam), lane='-22751855#0_0', time=4932.00.
Warning: Teleporting vehicle '1562'; waited too long (yield), lane='-510234232#0_0', time=4938.00.
Warning: Vehicle '1343' ends teleporting on edge '-73823310', time=4972.00.
Warning: Vehicle '802' teleports beyond arrival edge '-849359570#2', time=4974.00.
Warning: Vehicle '2086' ends teleporting on edge '-849359570#0', time=5076.00.
Warning: Vehicle '1562' ends teleporting on edge '-849359570#0', time=5082.00.
Warning: Teleporting vehicle '1364'; waited too long (yield), lane=':cluster_18393873_21307200_11_0', time=5209.00.
Warning: Teleporting vehicle '1553'; waited too long (yield), lane='232287546#0_0', time=5220.00.
Warning: Teleporting vehicle '933'; waited too long (jam), lane='-849359568_0', time=5225.00.
Warning: Vehicle '1553' ends teleporting on edge '-849359568', time=5225.00.
Warning: Teleporting vehicle '1269'; waited too long (yield), lane='896810424_0', time=5229.00.
Warning: Teleporting vehicle '1340'; waited too long (yield), lane='-975850168#0_0', time=5230.00.
Warning: Teleporting vehicle '1390'; waited too long (jam), lane='-964732131#0_0', time=5233.00.
Warning: Vehicle '1364' teleports beyond arrival edge '-849359570#2', time=5234.00.
Warning: Vehicle '1390' ends teleporting on edge '-975850168#0', time=5235.00.
Warning: Teleporting vehicle '1524'; waited too long (jam), lane='-3712716#1_0', time=5243.00.
Warning: Teleporting vehicle '252'; waited too long (jam), lane='-975850169#0_0', time=5245.00.
Warning: Vehicle '933' ends teleporting on edge '-849359570#0', time=5251.00.
Warning: Teleporting vehicle '438'; waited too long (yield), lane='-3712716#0_0', time=5257.00.
Warning: Vehicle '1524' ends teleporting on edge '-3712716#0', time=5257.00.
Warning: Teleporting vehicle '636'; waited too long (jam), lane='-22751855#0_0', time=5259.00.
Warning: Teleporting vehicle '529'; waited too long (yield), lane='-510234232#0_0', time=5263.00.
Warning: Teleporting vehicle '1235'; waited too long (yield), lane='8431660#1_0', time=5274.00.
Warning: Vehicle '1235' ends teleporting on edge '83564497#0', time=5277.00.
Warning: Vehicle '1269' teleports beyond arrival edge '-849359570#2', time=5279.00.
Warning: Vehicle '1340' teleports beyond arrival edge '-849359570#2', time=5290.00.
Warning: Vehicle '438' ends teleporting on edge '-849359570#0', time=5326.00.
Warning: Vehicle '252' ends teleporting on edge '1065083430#0', time=5392.00.
Warning: Vehicle '636' ends teleporting on edge '-849359570#0', time=5396.00.
Warning: Vehicle '529' ends teleporting on edge '-849359570#0', time=5400.00.
Warning: Teleporting vehicle '1557'; waited too long (yield), lane=':cluster_25161371_28800667_5_0', time=5515.00.
Warning: Teleporting vehicle '231'; waited too long (yield), lane='849359570#2_0', time=5517.00.
Warning: Vehicle '1557' ends teleporting on edge '849359570#2', time=5517.00.
Warning: Teleporting vehicle '80'; waited too long (jam), lane='3712715#1_0', time=5521.00.
Warning: Vehicle '231' teleports beyond arrival edge '-849359570#2', time=5532.00.
Warning: Vehicle '80' ends teleporting on edge '3713823#1', time=5533.00.
Warning: Teleporting vehicle '439'; waited too long (jam), lane='-22751855#0_0', time=5572.00.
Warning: Teleporting vehicle '495'; waited too long (jam), lane='83564497#3_0', time=5576.00.
Warning: Vehicle '439' ends teleporting on edge '-849359570#0', time=5716.00.
Warning: Vehicle '495' ends teleporting on edge '-849359570#0', time=5718.00.
Warning: Teleporting vehicle '1327'; waited too long (yield), lane=':cluster_18393873_21307200_11_0', time=5822.00.
Warning: Teleporting vehicle '1023'; waited too long (jam), lane=':cluster_25161371_28800667_3_0', time=5828.00.
Warning: Vehicle '1023' ends teleporting on edge '-849359570#0', time=5828.00.
Warning: Teleporting vehicle '847'; waited too long (yield), lane='896810424_0', time=5829.00.
Warning: Teleporting vehicle '1164'; waited too long (jam), lane='-849359568_0', time=5829.00.
Warning: Vehicle '847' ends teleporting on edge '-849359570#2', time=5835.00.
Warning: Vehicle '1327' teleports beyond arrival edge '-849359570#2', time=5847.00.
Warning: Vehicle '1164' ends teleporting on edge '4223937#0', time=5855.00.
Warning: Teleporting vehicle '1026'; waited too long (yield), lane='-975850173_0', time=5870.00.
Warning: Vehicle '1026' ends teleporting on edge '-73823310', time=5872.00.
Warning: Teleporting vehicle '2042'; waited too long (jam), lane='-773853950_0', time=5876.00.
Warning: Teleporting vehicle '462'; waited too long (jam), lane='-773853954_0', time=5883.00.
Warning: Vehicle '462' ends teleporting on edge '-773853950', time=5902.00.
Warning: Vehicle '2042' ends teleporting on edge '-849359570#0', time=6015.00.
Warning: Teleporting vehicle '667'; waited too long (yield), lane='896810424_0', time=6134.00.
Warning: Teleporting vehicle '704'; waited too long (yield), lane=':cluster_18393873_21307200_11_0', time=6135.00.
Warning: Teleporting vehicle '278'; waited too long (jam), lane='3712715#1_0', time=6139.00.
Warning: Teleporting vehicle '1246'; waited too long (yield), lane='-977104959#0_0', time=6141.00.
Warning: Vehicle '1246' ends teleporting on edge '3712715#1', time=6143.00.
Warning: Vehicle '704' teleports beyond arrival edge '-849359570#2', time=6160.00.
Warning: Teleporting vehicle '1848'; waited too long (yield), lane='-849359570#2_0', time=6164.00.
Warning: Vehicle '667' ends teleporting on edge '-849359570#2', time=6164.00.
Warning: Vehicle '278' ends teleporting on edge '3713823#1', time=6165.00.
Warning: Teleporting vehicle '1622'; waited too long (yield), lane='-3712716#0_0', time=6186.00.
Warning: Vehicle '1622' ends teleporting on edge '-849359568', time=6186.00.
Warning: Vehicle '1848' ends teleporting on edge '975850167', time=6190.00.
Simulation ended at time: 7020.00
Reason: All vehicles have left the simulation.
Performance: 
 Duration: 8.87s
 Real time factor: 791.521
 UPS: 140752.621491
Vehicles: 
 Inserted: 2094
 Running: 0
 Waiting: 0
Teleports: 155 (Jam: 67, Yield: 87, Wrong Lane: 1)

